<?xml version="1.0" encoding="UTF-8"?>
<!-- Generated by org.testng.reporters.JUnitReportReporter -->
<testsuite hostname="LAPTOP-3M07QHSJ" failures="0" tests="1" name="vtiger.Practice.demo" time="0.005" errors="0" timestamp="2022-09-16T17:56:41 IST" skipped="0">
  <testcase classname="vtiger.Practice.demo" name="CreateCustomerTest" time="0.005"/>
  <system-out/>
</testsuite> <!-- vtiger.Practice.demo -->
