<?xml version="1.0" encoding="UTF-8"?>
<!-- Generated by org.testng.reporters.JUnitReportReporter -->
<testsuite hostname="LAPTOP-3M07QHSJ" failures="0" tests="3" name="vtiger.Practice.TestNGPractice" time="0.008" errors="0" timestamp="2022-08-29T13:14:28 IST" skipped="0">
  <testcase classname="vtiger.Practice.TestNGPractice" name="CreateCustomerTest" time="0.006"/>
  <system-out/>
  <testcase classname="vtiger.Practice.TestNGPractice" name="ModifyCustomerTest" time="0.001"/>
  <system-out/>
  <testcase classname="vtiger.Practice.TestNGPractice" name="DeleteCustomerTest" time="0.001"/>
  <system-out/>
</testsuite> <!-- vtiger.Practice.TestNGPractice -->
